<?xml version="1.0" encoding="UTF-8"?>
<!-- Generated by org.testng.reporters.JUnitXMLReporter -->
<testsuite hostname="LAPTOP-QRRNDLCL" ignored="0" name="Default test" tests="3" failures="0" timestamp="20 Mar 2018 17:41:25 GMT" time="60.922" errors="0">
  <testcase name="launchFlightReservationApplication" time="12.08" classname="testcases.ExecuteTestThroughTestNG"/>
  <testcase name="loginToFlightReservation" time="8.56" classname="testcases.ExecuteTestThroughTestNG"/>
  <testcase name="bookATicket" time="9.75" classname="testcases.ExecuteTestThroughTestNG"/>
</testsuite> <!-- Default test -->
